[13-Aug-2021 15:22:36] NOTICE: fpm is running, pid 17
[13-Aug-2021 15:22:36] NOTICE: ready to handle connections
[13-Aug-2021 15:22:36] NOTICE: systemd monitor interval set to 10000ms
[12-Oct-2021 09:05:04] NOTICE: fpm is running, pid 18
[12-Oct-2021 09:05:04] NOTICE: ready to handle connections
[12-Oct-2021 09:05:04] NOTICE: systemd monitor interval set to 10000ms
[13-Oct-2021 07:45:38] NOTICE: fpm is running, pid 17
[13-Oct-2021 07:45:38] NOTICE: ready to handle connections
[13-Oct-2021 07:45:38] NOTICE: systemd monitor interval set to 10000ms
[13-Oct-2021 10:55:35] NOTICE: fpm is running, pid 18
[13-Oct-2021 10:55:35] NOTICE: ready to handle connections
[13-Oct-2021 10:55:35] NOTICE: systemd monitor interval set to 10000ms
[13-Oct-2021 10:56:33] NOTICE: fpm is running, pid 17
[13-Oct-2021 10:56:33] NOTICE: ready to handle connections
[13-Oct-2021 10:56:33] NOTICE: systemd monitor interval set to 10000ms
[14-Oct-2021 02:40:05] NOTICE: fpm is running, pid 17
[14-Oct-2021 02:40:05] NOTICE: ready to handle connections
[14-Oct-2021 02:40:05] NOTICE: systemd monitor interval set to 10000ms
[14-Oct-2021 02:57:04] NOTICE: fpm is running, pid 17
[14-Oct-2021 02:57:04] NOTICE: ready to handle connections
[14-Oct-2021 02:57:04] NOTICE: systemd monitor interval set to 10000ms
[14-Oct-2021 03:08:16] NOTICE: fpm is running, pid 17
[14-Oct-2021 03:08:16] NOTICE: ready to handle connections
[14-Oct-2021 03:08:16] NOTICE: systemd monitor interval set to 10000ms
[14-Oct-2021 03:30:46] NOTICE: fpm is running, pid 17
[14-Oct-2021 03:30:46] NOTICE: ready to handle connections
[14-Oct-2021 03:30:46] NOTICE: systemd monitor interval set to 10000ms
[14-Oct-2021 04:15:53] NOTICE: fpm is running, pid 17
[14-Oct-2021 04:15:53] NOTICE: ready to handle connections
[14-Oct-2021 04:15:53] NOTICE: systemd monitor interval set to 10000ms
[14-Oct-2021 07:00:40] NOTICE: fpm is running, pid 17
[14-Oct-2021 07:00:40] NOTICE: ready to handle connections
[14-Oct-2021 07:00:40] NOTICE: systemd monitor interval set to 10000ms
